<?xml version="1.0" encoding="utf-8"?><testsuites name="pytest tests"><testsuite name="pytest" errors="0" failures="0" skipped="0" tests="39" time="17.101" timestamp="2026-07-03T19:34:10.458655+00:00" hostname="agent-env-245d1d83-c32c-479b-b7d2-977b635d7b90"><testcase classname="tests.backend_test.TestBacktest" name="test_backtest_invalid_instrument" time="0.231" /><testcase classname="tests.backend_test.TestForexTZHelpers" name="test_summer_ist_18_00_overlap_true" time="0.251" /><testcase classname="tests.backend_test.TestBacktest" name="test_backtest_range_exceeds_55_days" time="0.046" /><testcase classname="tests.backend_test.TestForexTZHelpers" name="test_summer_ist_22_00_overlap_false" time="0.000" /><testcase classname="tests.backend_test.TestForexTZHelpers" name="test_summer_ist_12_30_london_2h" time="0.000" /><testcase classname="tests.backend_test.TestForexTZHelpers" name="test_winter_ist_19_00_overlap_true" time="0.000" /><testcase classname="tests.backend_test.TestForexTZHelpers" name="test_winter_ist_22_00_overlap_still_true" time="0.000" /><testcase classname="tests.backend_test.TestForexTZHelpers" name="test_winter_ist_13_30_london_2h" time="0.000" /><testcase classname="tests.backend_test.TestForexTZHelpers" name="test_friday_summer_16_45_ny_cutoff_true" time="0.000" /><testcase classname="tests.backend_test.TestForexTZHelpers" name="test_friday_summer_15_45_ny_cutoff_false" time="0.000" /><testcase classname="tests.backend_test.TestForexTZHelpers" name="test_friday_summer_17_05_ny_post_close" time="0.000" /><testcase classname="tests.backend_test.TestForexTZHelpers" name="test_friday_winter_16_45_ny_cutoff_true" time="0.000" /><testcase classname="tests.backend_test.TestForexTZHelpers" name="test_saturday_market_closed" time="0.000" /><testcase classname="tests.backend_test.TestForexTZHelpers" name="test_sunday_18_00_ny_open" time="0.000" /><testcase classname="tests.backend_test.TestForexTZHelpers" name="test_sunday_16_00_ny_still_closed" time="0.000" /><testcase classname="tests.backend_test.TestSignals" name="test_signals_list" time="0.147" /><testcase classname="tests.backend_test.TestBacktest" name="test_backtest_invalid_date_format" time="0.046" /><testcase classname="tests.backend_test.TestBacktest" name="test_backtest_equity_regression_hdfcbank" time="1.235" /><testcase classname="tests.backend_test.TestSignals" name="test_dev_run_scan_offhours" time="9.881" /><testcase classname="tests.backend_test.TestBacktest" name="test_backtest_forex_eurusd" time="2.903" /><testcase classname="tests.backend_test.TestBacktest" name="test_backtest_forex_xauusd" time="2.619" /><testcase classname="tests.backend_test.TestBacktest" name="test_backtest_forex_gbpusd" time="2.836" /><testcase classname="tests.backend_test.TestBacktest" name="test_backtest_csv_forex" time="1.951" /><testcase classname="tests.backend_test.TestSignals" name="test_signals_asset_class_filter" time="1.693" /><testcase classname="tests.backend_test.TestInstruments" name="test_list_all_instruments" time="0.049" /><testcase classname="tests.backend_test.TestInstruments" name="test_list_forex_only" time="0.046" /><testcase classname="tests.backend_test.TestInstruments" name="test_list_equity_only" time="0.045" /><testcase classname="tests.backend_test.TestSignals" name="test_stale_forex_signal" time="0.087" /><testcase classname="tests.backend_test.TestWatchlist" name="test_watchlist_default_returns_all_19" time="3.939" /><testcase classname="tests.backend_test.TestSignals" name="test_seed_patch_update_and_delete_equity" time="0.311" /><testcase classname="tests.backend_test.TestMarketStatus" name="test_market_status_shape" time="0.096" /><testcase classname="tests.backend_test.TestMarketStatus" name="test_market_status_removed_fields" time="0.089" /><testcase classname="tests.backend_test.TestSettings" name="test_settings_contains_all_19" time="0.167" /><testcase classname="tests.backend_test.TestSettings" name="test_settings_persist_forex_subset" time="0.322" /><testcase classname="tests.backend_test.TestConstantsRefactor" name="test_removed_constants_no_longer_present" time="0.000" /><testcase classname="tests.backend_test.TestConstantsRefactor" name="test_new_tzaware_constants_present" time="0.000" /><testcase classname="tests.backend_test.TestAnalytics" name="test_analytics_shape_and_by_asset_class" time="0.097" /><testcase classname="tests.backend_test.TestWatchlist" name="test_watchlist_forex_filter" time="0.061" /><testcase classname="tests.backend_test.TestWatchlist" name="test_watchlist_equity_filter" time="0.536" /></testsuite></testsuites>